<?xml version="1.0" encoding="UTF-8"?>
<!-- Generated by org.testng.reporters.JUnitReportReporter -->
<testsuite skipped="0" hostname="DESKTOP-3AL76L4" name="Campus.CountryTest" tests="5" failures="0" timestamp="2023-05-03T09:13:09 EET" time="5.520" errors="0">
  <testcase name="createCountryNegative" time="0.554" classname="Campus.CountryTest"/>
  <system-out/>
  <testcase name="deleteCountry" time="0.409" classname="Campus.CountryTest"/>
  <system-out/>
  <testcase name="deleteCountryNefative" time="0.347" classname="Campus.CountryTest"/>
  <system-out/>
  <testcase name="updateCountry" time="0.465" classname="Campus.CountryTest"/>
  <system-out/>
  <testcase name="createCountry" time="3.745" classname="Campus.CountryTest"/>
  <system-out/>
</testsuite> <!-- Campus.CountryTest -->
